android/build/outputs/logs/manifest-merger-debug-report.txt
-- Merging decision tree log ---
manifest
ADDED from Torpedobeat Revolution/android/AndroidManifest.xml:2:1-43:12
	package
		ADDED from Torpedobeat Revolution/android/AndroidManifest.xml:3:5-30
		INJECTED from Torpedobeat Revolution/android/AndroidManifest.xml
		INJECTED from Torpedobeat Revolution/android/AndroidManifest.xml
	android:versionName
		ADDED from Torpedobeat Revolution/android/AndroidManifest.xml:5:5-30
		INJECTED from Torpedobeat Revolution/android/AndroidManifest.xml
		INJECTED from Torpedobeat Revolution/android/AndroidManifest.xml
	android:versionCode
		ADDED from Torpedobeat Revolution/android/AndroidManifest.xml:4:5-28
		INJECTED from Torpedobeat Revolution/android/AndroidManifest.xml
		INJECTED from Torpedobeat Revolution/android/AndroidManifest.xml
	xmlns:android
		ADDED from Torpedobeat Revolution/android/AndroidManifest.xml:2:11-69
uses-sdk
ADDED from Torpedobeat Revolution/android/AndroidManifest.xml:7:5-73
MERGED from [com.android.support:appcompat-v7:25.2.0] AndroidManifest.xml:21:5-23:78
MERGED from [com.android.support:support-v4:25.2.0] AndroidManifest.xml:21:5-23:54
MERGED from [com.android.support:support-fragment:25.2.0] AndroidManifest.xml:21:5-23:60
MERGED from [com.android.support:support-media-compat:25.2.0] AndroidManifest.xml:21:5-23:63
MERGED from [com.android.support:support-core-ui:25.2.0] AndroidManifest.xml:21:5-23:58
MERGED from [com.android.support:support-core-utils:25.2.0] AndroidManifest.xml:21:5-23:61
MERGED from [com.android.support:animated-vector-drawable:25.2.0] AndroidManifest.xml:20:5-44
MERGED from [com.android.support:support-vector-drawable:25.2.0] AndroidManifest.xml:21:5-43
MERGED from [com.android.support:support-compat:25.2.0] AndroidManifest.xml:21:5-23:58
	tools:overrideLibrary
		ADDED from [com.android.support:appcompat-v7:25.2.0] AndroidManifest.xml:23:9-75
	android:targetSdkVersion
		ADDED from Torpedobeat Revolution/android/AndroidManifest.xml:7:41-70
		INJECTED from Torpedobeat Revolution/android/AndroidManifest.xml
		INJECTED from Torpedobeat Revolution/android/AndroidManifest.xml
	android:minSdkVersion
		ADDED from Torpedobeat Revolution/android/AndroidManifest.xml:7:15-40
		INJECTED from Torpedobeat Revolution/android/AndroidManifest.xml
		INJECTED from Torpedobeat Revolution/android/AndroidManifest.xml
application
ADDED from Torpedobeat Revolution/android/AndroidManifest.xml:9:5-41:19
MERGED from [com.android.support:appcompat-v7:25.2.0] AndroidManifest.xml:25:5-20
MERGED from [com.android.support:support-v4:25.2.0] AndroidManifest.xml:25:5-20
MERGED from [com.android.support:support-fragment:25.2.0] AndroidManifest.xml:25:5-20
MERGED from [com.android.support:support-media-compat:25.2.0] AndroidManifest.xml:25:5-20
MERGED from [com.android.support:support-core-ui:25.2.0] AndroidManifest.xml:25:5-20
MERGED from [com.android.support:support-core-utils:25.2.0] AndroidManifest.xml:25:5-20
MERGED from [com.android.support:animated-vector-drawable:25.2.0] AndroidManifest.xml:22:5-20
MERGED from [com.android.support:support-vector-drawable:25.2.0] AndroidManifest.xml:23:5-20
MERGED from [com.android.support:support-compat:25.2.0] AndroidManifest.xml:25:5-20
	android:label
		ADDED from Torpedobeat Revolution/android/AndroidManifest.xml:12:9-41
	android:allowBackup
		ADDED from Torpedobeat Revolution/android/AndroidManifest.xml:10:9-35
	android:icon
		ADDED from Torpedobeat Revolution/android/AndroidManifest.xml:11:9-45
	android:theme
		ADDED from Torpedobeat Revolution/android/AndroidManifest.xml:13:9-59
activity#com.wjchen.game.MainActiivity
ADDED from Torpedobeat Revolution/android/AndroidManifest.xml:15:9-21:20
	android:name
		ADDED from Torpedobeat Revolution/android/AndroidManifest.xml:16:13-42
intent-filter#android.intent.action.MAIN+android.intent.category.LAUNCHER
ADDED from Torpedobeat Revolution/android/AndroidManifest.xml:17:13-20:29
action#android.intent.action.MAIN
ADDED from Torpedobeat Revolution/android/AndroidManifest.xml:18:17-68
	android:name
		ADDED from Torpedobeat Revolution/android/AndroidManifest.xml:18:25-66
category#android.intent.category.LAUNCHER
ADDED from Torpedobeat Revolution/android/AndroidManifest.xml:19:17-76
	android:name
		ADDED from Torpedobeat Revolution/android/AndroidManifest.xml:19:27-74
activity#com.wjchen.game.ScoreActivity
ADDED from Torpedobeat Revolution/android/AndroidManifest.xml:23:9-26:20
	android:name
		ADDED from Torpedobeat Revolution/android/AndroidManifest.xml:24:13-42
activity#com.wjchen.game.ScoreBoardActivity
ADDED from Torpedobeat Revolution/android/AndroidManifest.xml:28:9-30:20
	android:name
		ADDED from Torpedobeat Revolution/android/AndroidManifest.xml:28:19-53
activity#com.wjchen.game.AndroidLauncher
ADDED from Torpedobeat Revolution/android/AndroidManifest.xml:32:9-39:20
	android:screenOrientation
		ADDED from Torpedobeat Revolution/android/AndroidManifest.xml:36:13-49
	android:label
		ADDED from Torpedobeat Revolution/android/AndroidManifest.xml:34:13-45
	android:configChanges
		ADDED from Torpedobeat Revolution/android/AndroidManifest.xml:37:13-83
	android:theme
		ADDED from Torpedobeat Revolution/android/AndroidManifest.xml:35:13-44
	android:name
		ADDED from Torpedobeat Revolution/android/AndroidManifest.xml:33:13-44